<?xml version="1.0" encoding="UTF-8"?>
<!-- Generated by org.testng.reporters.JUnitReportReporter -->
<testsuite hostname="DESKTOP-8KVUN4S" failures="0" tests="1" name="seleniumexp.SeleniumExample" time="33.963" errors="0" timestamp="2021-09-27T17:57:26 IST" skipped="0">
  <testcase classname="seleniumexp.SeleniumExample" name="goToTheGivenUrl" time="33.963"/>
  <system-out/>
</testsuite> <!-- seleniumexp.SeleniumExample -->
