<?xml version="1.0" encoding="UTF-8"?>
<!-- Generated by org.testng.reporters.JUnitReportReporter -->
<testsuite hostname="DESKTOP-8KVUN4S" failures="0" tests="1" name="seleniumexp.SeleniumExample$TestHelloworld" time="0.021" errors="0" timestamp="2021-09-28T19:29:48 IST" skipped="0">
  <testcase classname="seleniumexp.SeleniumExample$TestHelloworld" name="testhelloworld" time="0.021"/>
  <system-out/>
</testsuite> <!-- seleniumexp.SeleniumExample$TestHelloworld -->
